2025-09-26 20:39:11,653 [INFO] Connecting to MySQL 127.0.0.1:3307/gingr
2025-09-26 20:39:11,682 [ERROR] Failed to connect to MySQL: (2003, "Can't connect to MySQL server on '127.0.0.1' ([Errno 111] Connection refused)")
2025-09-26 20:39:19,025 [INFO] Connecting to MySQL gingr_mysql:3306/gingr
2025-09-26 20:39:19,064 [INFO] Target owners -> table campaign_owners (rows=1585)
2025-09-26 20:39:19,065 [INFO] Target pets -> table animal_medication_schedules (rows=1171)
2025-09-26 20:39:19,065 [INFO] Target immunizations -> table form_submission_responses (rows=678794)
2025-09-26 20:39:19,065 [INFO] Target reservations -> table email_template_reservation_types (rows=78)
2025-09-26 20:39:19,065 [INFO] Target invoices -> table form_submission_responses (rows=678794)
2025-09-26 20:39:19,065 [INFO] Target payments -> table form_submission_responses (rows=678794)
2025-09-26 20:39:19,065 [INFO] Target packages -> table coupon_packages_items (rows=0)
2025-09-26 20:39:19,065 [INFO] Target credits -> table form_submission_responses (rows=678794)
2025-09-26 20:39:19,068 [INFO] Wrote mapping to scripts/gingr_mapping.yaml
2025-09-26 21:12:19,290 [INFO] Connecting to MySQL gingr_mysql:3306/gingr
2025-09-26 21:12:19,406 [INFO] Target owners -> table owner_files (rows=9068)
2025-09-26 21:12:19,406 [INFO] Target pets -> table animal_medication_schedules (rows=1171)
2025-09-26 21:12:19,406 [INFO] Target immunizations -> table immunizations (rows=8113)
2025-09-26 21:12:19,407 [INFO] Target reservations -> table reservations (rows=39462)
2025-09-26 21:12:19,407 [INFO] Target invoices -> table invoice_item_types (rows=9)
2025-09-26 21:12:19,407 [INFO] Target payments -> table payment_transactions (rows=170806)
2025-09-26 21:12:19,407 [INFO] Target packages -> table membership_packages (rows=0)
2025-09-26 21:12:19,408 [INFO] Target credits -> table membership_credit_benefits (rows=0)
2025-09-26 21:12:19,415 [INFO] Wrote mapping to scripts/gingr_mapping.yaml
2025-09-26 21:13:33,031 [INFO] Connecting to MySQL gingr_mysql:3306/gingr
2025-09-26 21:13:33,127 [INFO] Target owners -> table owners (rows=2271)
2025-09-26 21:13:33,128 [INFO] Target pets -> table animals (rows=3608)
2025-09-26 21:13:33,128 [INFO] Target immunizations -> table immunizations (rows=8113)
2025-09-26 21:13:33,129 [INFO] Target reservations -> table reservations (rows=53371)
2025-09-26 21:13:33,129 [INFO] Target invoices -> table invoice_item_types (rows=9)
2025-09-26 21:13:33,129 [INFO] Target payments -> table payments (rows=34324)
2025-09-26 21:13:33,130 [INFO] Target packages -> table packages (rows=8)
2025-09-26 21:13:33,130 [INFO] Target credits -> table membership_credit_benefits (rows=0)
2025-09-26 21:13:33,133 [INFO] Wrote mapping to scripts/gingr_mapping.yaml
2025-09-26 21:13:46,342 [INFO] Connecting to MySQL gingr_mysql:3306/gingr
2025-09-26 21:13:46,449 [INFO] Target owners -> table owners (rows=2271)
2025-09-26 21:13:46,449 [INFO] Target pets -> table animals (rows=3608)
2025-09-26 21:13:46,450 [INFO] Target immunizations -> table immunizations (rows=8113)
2025-09-26 21:13:46,450 [INFO] Target reservations -> table reservations (rows=53371)
2025-09-26 21:13:46,451 [INFO] Target invoices -> table pos_transactions (rows=47787)
2025-09-26 21:13:46,451 [INFO] Target payments -> table payments (rows=34324)
2025-09-26 21:13:46,451 [INFO] Target packages -> table packages (rows=8)
2025-09-26 21:13:46,452 [INFO] Target credits -> table membership_credit_benefits (rows=0)
2025-09-26 21:13:46,454 [INFO] Wrote mapping to scripts/gingr_mapping.yaml
2025-09-26 21:14:17,851 [INFO] Connecting to MySQL gingr_mysql:3306/gingr
2025-09-26 21:14:17,980 [INFO] Target owners -> table owners (rows=2271)
2025-09-26 21:14:17,981 [INFO] Target pets -> table animals (rows=3608)
2025-09-26 21:14:17,981 [INFO] Target immunizations -> table immunizations (rows=8113)
2025-09-26 21:14:17,982 [INFO] Target reservations -> table reservations (rows=53371)
2025-09-26 21:14:17,982 [INFO] Target invoices -> table pos_transactions (rows=47787)
2025-09-26 21:14:17,983 [INFO] Target payments -> table payments (rows=34324)
2025-09-26 21:14:17,983 [INFO] Target packages -> table packages (rows=8)
2025-09-26 21:14:17,984 [INFO] Target credits -> table store_credit (rows=206)
2025-09-26 21:14:17,986 [INFO] Wrote mapping to scripts/gingr_mapping.yaml
2025-09-26 21:14:51,246 [INFO] Connecting to MySQL gingr_mysql:3306/gingr
2025-09-26 21:14:51,369 [INFO] Target owners -> table owners (rows=2271)
2025-09-26 21:14:51,369 [INFO] Target pets -> table animals (rows=3608)
2025-09-26 21:14:51,370 [INFO] Target immunizations -> table immunizations (rows=8113)
2025-09-26 21:14:51,370 [INFO] Target reservations -> table reservations (rows=53371)
2025-09-26 21:14:51,371 [INFO] Target invoices -> table pos_transactions (rows=47787)
2025-09-26 21:14:51,372 [INFO] Target payments -> table payments (rows=34324)
2025-09-26 21:14:51,372 [INFO] Target packages -> table packages (rows=8)
2025-09-26 21:14:51,372 [INFO] Target credits -> table store_credit (rows=206)
2025-09-26 21:14:51,375 [INFO] Wrote mapping to scripts/gingr_mapping.yaml
2025-09-26 21:15:31,921 [INFO] Connecting to MySQL gingr_mysql:3306/gingr
2025-09-26 21:15:32,086 [INFO] Target owners -> table owners (rows=2271)
2025-09-26 21:15:32,089 [INFO] Target pets -> table animals (rows=3608)
2025-09-26 21:15:32,090 [INFO] Target immunizations -> table immunizations (rows=8113)
2025-09-26 21:15:32,091 [INFO] Target reservations -> table reservations (rows=53371)
2025-09-26 21:15:32,091 [INFO] Target invoices -> table pos_transactions (rows=47787)
2025-09-26 21:15:32,093 [INFO] Target payments -> table payments (rows=34324)
2025-09-26 21:15:32,094 [INFO] Target packages -> table packages (rows=8)
2025-09-26 21:15:32,095 [INFO] Target credits -> table store_credit (rows=206)
2025-09-26 21:15:32,101 [INFO] Wrote mapping to scripts/gingr_mapping.yaml
