2025-09-26 21:16:28,915 [INFO] Connecting to Gingr MySQL at gingr_mysql:3306/gingr
2025-09-26 21:16:47,070 [INFO] Connecting to Gingr MySQL at gingr_mysql:3306/gingr
2025-09-26 21:16:47,453 [INFO] Created default location 'Main'
2025-09-26 21:16:47,965 [INFO] Owners: processed=2301 created=0 skipped=2301
2025-09-26 21:16:48,839 [INFO] Pets: processed=3309 created=0 skipped=3309
2025-09-26 21:16:50,560 [INFO] Immunizations: processed=8232 created=0 skipped=8232
2025-09-26 21:17:01,641 [INFO] Reservations: processed=54020 created=0 skipped=54020
2025-09-26 21:17:11,661 [INFO] Invoices: processed=47799 created=0 skipped=47799
2025-09-26 21:17:19,579 [INFO] Payments: processed=36909 created=0 skipped=36909
2025-09-26 21:17:19,584 [INFO] Package credits: processed=8 created=0 skipped=8
2025-09-26 21:17:19,585 [INFO] Import summary:
2025-09-26 21:17:19,585 [INFO]   owners          processed=2301  created=0     skipped=2301 
2025-09-26 21:17:19,585 [INFO]   pets            processed=3309  created=0     skipped=3309 
2025-09-26 21:17:19,585 [INFO]     sample rejects: ['owner 1 not found for pet 1', 'owner 1 not found for pet 2', 'owner 1 not found for pet 3', 'owner 2 not found for pet 5', 'owner 4 not found for pet 7', 'owner 5 not found for pet 8', 'owner 6 not found for pet 9', 'owner 8 not found for pet 11', 'owner 9 not found for pet 12', 'owner 10 not found for pet 13']
2025-09-26 21:17:19,585 [INFO]   immunizations   processed=8232  created=0     skipped=8232 
2025-09-26 21:17:19,585 [INFO]     sample rejects: ['pet 1 missing for immunization 3', 'pet 2 missing for immunization 4', 'pet 3 missing for immunization 7', 'pet 4 missing for immunization 12', 'pet 5 missing for immunization 17', 'pet 6 missing for immunization 20', 'pet 7 missing for immunization 23', 'pet 8 missing for immunization 26', 'pet 9 missing for immunization 913', 'pet 10 missing for immunization 29']
2025-09-26 21:17:19,586 [INFO]   reservations    processed=54020 created=0     skipped=54020
2025-09-26 21:17:19,586 [INFO]     sample rejects: ['pet 16 missing for reservation 1', 'pet 30 missing for reservation 2', 'pet 31 missing for reservation 3', 'pet 32 missing for reservation 4', 'pet 33 missing for reservation 5', 'pet 35 missing for reservation 6', 'pet 34 missing for reservation 7', 'pet 36 missing for reservation 8', 'pet 37 missing for reservation 9', 'pet 710 missing for reservation 10']
2025-09-26 21:17:19,586 [INFO]   invoices        processed=47799 created=0     skipped=47799
2025-09-26 21:17:19,586 [INFO]     sample rejects: ['reservation 1 missing for invoice 1', 'reservation 2 missing for invoice 2', 'reservation 3 missing for invoice 3', 'reservation 4 missing for invoice 4', 'reservation 5 missing for invoice 5', 'reservation 6 missing for invoice 6', 'reservation 7 missing for invoice 7', 'reservation 8 missing for invoice 8', 'reservation 9 missing for invoice 9', 'reservation 11 missing for invoice 11']
2025-09-26 21:17:19,586 [INFO]   payments        processed=36909 created=0     skipped=36909
2025-09-26 21:17:19,586 [INFO]     sample rejects: ['invoice 1 missing for payment 1', 'invoice 2 missing for payment 2', 'invoice 3 missing for payment 3', 'invoice 4 missing for payment 4', 'invoice 5 missing for payment 5', 'invoice 6 missing for payment 6', 'invoice 7 missing for payment 7', 'invoice 8 missing for payment 8', 'invoice 9 missing for payment 9', 'invoice 10 missing for payment 10']
2025-09-26 21:17:19,586 [INFO]   packages        processed=8     created=0     skipped=8    
2025-09-26 21:17:19,586 [INFO]     sample rejects: ['owner 1 missing for package 1', 'owner 2 missing for package 2', 'owner 3 missing for package 3', 'owner 4 missing for package 4', 'owner 5 missing for package 5', 'owner 6 missing for package 6', 'owner 7 missing for package 7', 'owner 8 missing for package 8']
2025-09-26 21:17:19,586 [ERROR] Reject ratio 100.00% exceeds threshold
2025-09-26 21:44:35,631 [INFO] Connecting to Gingr MySQL at 127.0.0.1:3307/gingr
2025-09-26 21:44:35,635 [ERROR] Failed to connect to Gingr MySQL: (2003, "Can't connect to MySQL server on '127.0.0.1' ([Errno 111] Connection refused)")
2025-09-26 21:44:57,589 [INFO] Connecting to Gingr MySQL at 127.0.0.1:3307/gingr
2025-09-26 21:44:57,593 [ERROR] Failed to connect to Gingr MySQL: (2003, "Can't connect to MySQL server on '127.0.0.1' ([Errno 111] Connection refused)")
2025-09-26 21:45:21,369 [INFO] Connecting to Gingr MySQL at gingr_mysql:3306/gingr
2025-09-26 21:45:28,757 [INFO] Connecting to Gingr MySQL at gingr_mysql:3306/gingr
2025-09-26 21:45:31,655 [INFO] Owners: processed=2301 created=2301 skipped=0
2025-09-26 21:45:32,325 [INFO] Pets: processed=3309 created=3309 skipped=0
2025-09-26 21:45:32,376 [INFO] Immunizations: processed=8232 created=8126 skipped=106
2025-09-26 21:45:44,226 [INFO] Reservations: processed=54020 created=54020 skipped=0
2025-09-26 21:45:45,217 [INFO] Invoices: processed=85335 created=85335 skipped=0
2025-09-26 21:45:45,542 [INFO] Payments: processed=40586 created=40567 skipped=19
2025-09-26 21:45:45,554 [INFO] Package credits: processed=1079 created=1079 skipped=0
2025-09-26 21:45:45,555 [INFO] Import summary:
2025-09-26 21:45:45,555 [INFO]   owners          processed=2301  created=2301  skipped=0    
2025-09-26 21:45:45,555 [INFO]   pets            processed=3309  created=3309  skipped=0    
2025-09-26 21:45:45,555 [INFO]   immunizations   processed=8232  created=8126  skipped=106  
2025-09-26 21:45:45,556 [INFO]     sample rejects: ['pet gingr:pet:4 missing for immunization 11', 'pet gingr:pet:4 missing for immunization 12', 'pet gingr:pet:4 missing for immunization 13', 'pet gingr:pet:4 missing for immunization 14', 'pet gingr:pet:6 missing for immunization 18', 'pet gingr:pet:6 missing for immunization 19', 'pet gingr:pet:6 missing for immunization 20', 'pet gingr:pet:10 missing for immunization 27', 'pet gingr:pet:10 missing for immunization 28', 'pet gingr:pet:10 missing for immunization 29']
2025-09-26 21:45:45,556 [INFO]   reservations    processed=54020 created=54020 skipped=0    
2025-09-26 21:45:45,556 [INFO]   invoices        processed=85335 created=85335 skipped=0    
2025-09-26 21:45:45,556 [INFO]   payments        processed=40586 created=40567 skipped=19   
2025-09-26 21:45:45,556 [INFO]     sample rejects: ['payment 155 has no invoice allocations', 'payment 156 has no invoice allocations', 'payment 157 has no invoice allocations', 'payment 158 has no invoice allocations', 'payment 159 has no invoice allocations', 'payment 173 has no invoice allocations', 'payment 183 has no invoice allocations', 'payment 184 has no invoice allocations', 'payment 185 has no invoice allocations', 'payment 253 has no invoice allocations']
2025-09-26 21:45:45,556 [INFO]   packages        processed=1079  created=1079  skipped=0    
2025-09-26 21:45:45,556 [INFO] Import completed (mode=dry-run)
2025-09-26 21:45:58,563 [INFO] Connecting to Gingr MySQL at gingr_mysql:3306/gingr
2025-09-26 21:46:00,871 [INFO] Owners: processed=2301 created=2301 skipped=0
2025-09-26 21:46:01,571 [INFO] Pets: processed=3309 created=3309 skipped=0
2025-09-26 21:46:01,620 [INFO] Immunizations: processed=8232 created=8126 skipped=106
2025-09-26 21:46:13,750 [INFO] Reservations: processed=54020 created=54020 skipped=0
2025-09-26 21:46:14,353 [INFO] Invoices: processed=85335 created=85335 skipped=0
2025-09-26 21:46:14,678 [INFO] Payments: processed=40586 created=40567 skipped=19
2025-09-26 21:46:14,687 [INFO] Package credits: processed=1079 created=1079 skipped=0
2025-09-26 21:46:14,688 [INFO] Import summary:
2025-09-26 21:46:14,688 [INFO]   owners          processed=2301  created=2301  skipped=0    
2025-09-26 21:46:14,688 [INFO]   pets            processed=3309  created=3309  skipped=0    
2025-09-26 21:46:14,688 [INFO]   immunizations   processed=8232  created=8126  skipped=106  
2025-09-26 21:46:14,689 [INFO]     sample rejects: ['pet gingr:pet:4 missing for immunization 11', 'pet gingr:pet:4 missing for immunization 12', 'pet gingr:pet:4 missing for immunization 13', 'pet gingr:pet:4 missing for immunization 14', 'pet gingr:pet:6 missing for immunization 18', 'pet gingr:pet:6 missing for immunization 19', 'pet gingr:pet:6 missing for immunization 20', 'pet gingr:pet:10 missing for immunization 27', 'pet gingr:pet:10 missing for immunization 28', 'pet gingr:pet:10 missing for immunization 29']
2025-09-26 21:46:14,689 [INFO]   reservations    processed=54020 created=54020 skipped=0    
2025-09-26 21:46:14,689 [INFO]   invoices        processed=85335 created=85335 skipped=0    
2025-09-26 21:46:14,689 [INFO]   payments        processed=40586 created=40567 skipped=19   
2025-09-26 21:46:14,689 [INFO]     sample rejects: ['payment 155 has no invoice allocations', 'payment 156 has no invoice allocations', 'payment 157 has no invoice allocations', 'payment 158 has no invoice allocations', 'payment 159 has no invoice allocations', 'payment 173 has no invoice allocations', 'payment 183 has no invoice allocations', 'payment 184 has no invoice allocations', 'payment 185 has no invoice allocations', 'payment 253 has no invoice allocations']
2025-09-26 21:46:14,689 [INFO]   packages        processed=1079  created=1079  skipped=0    
2025-09-26 21:46:14,689 [INFO] Import completed (mode=dry-run)
2025-09-26 21:46:30,350 [INFO] Connecting to Gingr MySQL at gingr_mysql:3306/gingr
2025-09-26 21:55:08,328 [INFO] Connecting to Gingr MySQL at gingr_mysql:3306/gingr
2025-09-26 22:04:12,768 [INFO] Owners: processed=2301 created=2301 skipped=0
2025-09-26 22:04:36,135 [INFO] Connecting to Gingr MySQL at gingr_mysql:3306/gingr
2025-09-26 22:04:38,138 [INFO] Owners: processed=2301 created=0 skipped=2301
2025-09-26 22:04:40,030 [INFO] Pets: processed=3309 created=3309 skipped=0
2025-09-26 22:04:47,966 [INFO] Immunizations: processed=8232 created=8126 skipped=106
2025-09-26 22:05:21,237 [INFO] Reservations: processed=54020 created=54020 skipped=0
2025-09-26 22:06:23,250 [INFO] Invoices: processed=85335 created=85335 skipped=0
2025-09-26 22:07:16,456 [INFO] Connecting to Gingr MySQL at gingr_mysql:3306/gingr
2025-09-26 22:07:18,430 [INFO] Owners: processed=2301 created=0 skipped=2301
2025-09-26 22:07:19,202 [INFO] Pets: processed=3309 created=0 skipped=3309
2025-09-26 22:07:25,669 [INFO] Immunizations: processed=8232 created=0 skipped=8232
2025-09-26 22:07:38,536 [INFO] Reservations: processed=54020 created=0 skipped=54020
2025-09-26 22:08:18,023 [INFO] Connecting to Gingr MySQL at gingr_mysql:3306/gingr
2025-09-26 22:08:20,429 [INFO] Owners: processed=2301 created=0 skipped=2301
2025-09-26 22:08:21,238 [INFO] Pets: processed=3309 created=0 skipped=3309
2025-09-26 22:08:27,822 [INFO] Immunizations: processed=8232 created=0 skipped=8232
2025-09-26 22:08:40,896 [INFO] Reservations: processed=54020 created=0 skipped=54020
2025-09-26 22:09:18,432 [INFO] Connecting to Gingr MySQL at gingr_mysql:3306/gingr
2025-09-26 22:09:20,403 [INFO] Owners: processed=2301 created=0 skipped=2301
2025-09-26 22:09:21,179 [INFO] Pets: processed=3309 created=0 skipped=3309
2025-09-26 22:09:27,697 [INFO] Immunizations: processed=8232 created=0 skipped=8232
2025-09-26 22:09:40,687 [INFO] Reservations: processed=54020 created=0 skipped=54020
2025-09-26 22:10:08,274 [INFO] Invoices: processed=0 created=0 skipped=0
2025-09-26 22:10:12,424 [INFO] Payments: processed=36909 created=1 skipped=36908
2025-09-26 22:10:13,027 [INFO] Package credits: processed=1079 created=1079 skipped=0
2025-09-26 22:10:13,057 [INFO] Import summary:
2025-09-26 22:10:13,058 [INFO]   owners          processed=2301  created=0     skipped=2301 
2025-09-26 22:10:13,058 [INFO]   pets            processed=3309  created=0     skipped=3309 
2025-09-26 22:10:13,058 [INFO]   immunizations   processed=8232  created=0     skipped=8232 
2025-09-26 22:10:13,058 [INFO]     sample rejects: ['pet gingr:pet:4 missing for immunization 11', 'pet gingr:pet:4 missing for immunization 12', 'pet gingr:pet:4 missing for immunization 13', 'pet gingr:pet:4 missing for immunization 14', 'pet gingr:pet:6 missing for immunization 18', 'pet gingr:pet:6 missing for immunization 19', 'pet gingr:pet:6 missing for immunization 20', 'pet gingr:pet:10 missing for immunization 27', 'pet gingr:pet:10 missing for immunization 28', 'pet gingr:pet:10 missing for immunization 29']
2025-09-26 22:10:13,059 [INFO]   reservations    processed=54020 created=0     skipped=54020
2025-09-26 22:10:13,059 [INFO]   invoices        processed=0     created=0     skipped=0    
2025-09-26 22:10:13,059 [INFO]   payments        processed=36909 created=1     skipped=36908
2025-09-26 22:10:13,059 [INFO]     sample rejects: ['payment 1 has no invoice allocations', 'payment 2 has no invoice allocations', 'payment 3 has no invoice allocations', 'payment 4 has no invoice allocations', 'payment 5 has no invoice allocations', 'payment 6 has no invoice allocations', 'payment 7 has no invoice allocations', 'payment 8 has no invoice allocations', 'payment 9 has no invoice allocations', 'payment 10 has no invoice allocations']
2025-09-26 22:10:13,059 [INFO]   packages        processed=1079  created=1079  skipped=0    
2025-09-26 22:10:13,059 [ERROR] Reject ratio 97.96% exceeds threshold
2025-09-26 22:11:01,366 [INFO] Connecting to Gingr MySQL at gingr_mysql:3306/gingr
2025-09-26 22:11:03,403 [INFO] Owners: processed=2301 created=0 skipped=2301
2025-09-26 22:11:04,186 [INFO] Pets: processed=3309 created=0 skipped=3309
2025-09-26 22:11:10,762 [INFO] Immunizations: processed=8232 created=0 skipped=8232
2025-09-26 22:11:23,696 [INFO] Reservations: processed=54020 created=0 skipped=54020
2025-09-26 22:11:51,154 [INFO] Invoices: processed=0 created=0 skipped=0
2025-09-26 22:13:34,461 [INFO] Payments: processed=40586 created=40566 skipped=20
2025-09-26 22:13:34,773 [INFO] Package credits: processed=1079 created=0 skipped=1079
2025-09-26 22:13:34,802 [INFO] Import summary:
2025-09-26 22:13:34,802 [INFO]   owners          processed=2301  created=0     skipped=2301 
2025-09-26 22:13:34,802 [INFO]   pets            processed=3309  created=0     skipped=3309 
2025-09-26 22:13:34,802 [INFO]   immunizations   processed=8232  created=0     skipped=8232 
2025-09-26 22:13:34,803 [INFO]     sample rejects: ['pet gingr:pet:4 missing for immunization 11', 'pet gingr:pet:4 missing for immunization 12', 'pet gingr:pet:4 missing for immunization 13', 'pet gingr:pet:4 missing for immunization 14', 'pet gingr:pet:6 missing for immunization 18', 'pet gingr:pet:6 missing for immunization 19', 'pet gingr:pet:6 missing for immunization 20', 'pet gingr:pet:10 missing for immunization 27', 'pet gingr:pet:10 missing for immunization 28', 'pet gingr:pet:10 missing for immunization 29']
2025-09-26 22:13:34,803 [INFO]   reservations    processed=54020 created=0     skipped=54020
2025-09-26 22:13:34,803 [INFO]   invoices        processed=0     created=0     skipped=0    
2025-09-26 22:13:34,803 [INFO]   payments        processed=40586 created=40566 skipped=20   
2025-09-26 22:13:34,803 [INFO]     sample rejects: ['payment 155 has no invoice allocations', 'payment 156 has no invoice allocations', 'payment 157 has no invoice allocations', 'payment 158 has no invoice allocations', 'payment 159 has no invoice allocations', 'payment 173 has no invoice allocations', 'payment 183 has no invoice allocations', 'payment 184 has no invoice allocations', 'payment 185 has no invoice allocations', 'payment 253 has no invoice allocations']
2025-09-26 22:13:34,803 [INFO]   packages        processed=1079  created=0     skipped=1079 
2025-09-26 22:13:34,803 [ERROR] Reject ratio 25.93% exceeds threshold
2025-09-26 22:14:08,489 [INFO] Connecting to Gingr MySQL at gingr_mysql:3306/gingr
2025-09-26 22:14:10,486 [INFO] Owners: processed=2301 created=0 skipped=2301
2025-09-26 22:14:11,275 [INFO] Pets: processed=3309 created=0 skipped=3309
2025-09-26 22:14:17,787 [INFO] Immunizations: processed=8232 created=0 skipped=8232
2025-09-26 22:14:30,861 [INFO] Reservations: processed=54020 created=0 skipped=54020
2025-09-26 22:14:58,765 [INFO] Invoices: processed=0 created=0 skipped=0
2025-09-26 22:15:11,706 [INFO] Payments: processed=40586 created=0 skipped=40586
2025-09-26 22:15:12,011 [INFO] Package credits: processed=1079 created=0 skipped=1079
2025-09-26 22:15:12,041 [INFO] Import summary:
2025-09-26 22:15:12,041 [INFO]   owners          processed=2301  created=0     skipped=2301 
2025-09-26 22:15:12,042 [INFO]   pets            processed=3309  created=0     skipped=3309 
2025-09-26 22:15:12,042 [INFO]   immunizations   processed=8232  created=0     skipped=8232 
2025-09-26 22:15:12,042 [INFO]     sample rejects: ['pet gingr:pet:4 missing for immunization 11', 'pet gingr:pet:4 missing for immunization 12', 'pet gingr:pet:4 missing for immunization 13', 'pet gingr:pet:4 missing for immunization 14', 'pet gingr:pet:6 missing for immunization 18', 'pet gingr:pet:6 missing for immunization 19', 'pet gingr:pet:6 missing for immunization 20', 'pet gingr:pet:10 missing for immunization 27', 'pet gingr:pet:10 missing for immunization 28', 'pet gingr:pet:10 missing for immunization 29']
2025-09-26 22:15:12,042 [INFO]   reservations    processed=54020 created=0     skipped=54020
2025-09-26 22:15:12,042 [INFO]   invoices        processed=0     created=0     skipped=0    
2025-09-26 22:15:12,042 [INFO]   payments        processed=40586 created=0     skipped=40586
2025-09-26 22:15:12,042 [INFO]     sample rejects: ['payment 155 has no invoice allocations', 'payment 156 has no invoice allocations', 'payment 157 has no invoice allocations', 'payment 158 has no invoice allocations', 'payment 159 has no invoice allocations', 'payment 173 has no invoice allocations', 'payment 183 has no invoice allocations', 'payment 184 has no invoice allocations', 'payment 185 has no invoice allocations', 'payment 253 has no invoice allocations']
2025-09-26 22:15:12,043 [INFO]   packages        processed=1079  created=0     skipped=1079 
2025-09-26 22:15:12,043 [INFO] Import completed (mode=run)
2025-09-26 22:25:55,739 [INFO] Connecting to Gingr MySQL at gingr_mysql:3306/gingr
2025-09-26 22:25:57,769 [INFO] Owners: processed=2301 created=0 skipped=2301
2025-09-26 22:25:58,545 [INFO] Pets: processed=3309 created=0 skipped=3309
2025-09-26 22:25:58,596 [INFO] Immunizations: processed=8232 created=8232 skipped=0
2025-09-26 22:26:11,576 [INFO] Reservations: processed=54020 created=0 skipped=54020
2025-09-26 22:26:12,155 [INFO] Invoices: processed=85371 created=85371 skipped=0
2025-09-26 22:26:12,498 [INFO] Payments: processed=40586 created=40586 skipped=0
2025-09-26 22:26:12,507 [INFO] Package credits: processed=1079 created=1079 skipped=0
2025-09-26 22:26:12,516 [INFO] Import summary:
2025-09-26 22:26:12,517 [INFO]   owners          processed=2301  created=0     skipped=2301 
2025-09-26 22:26:12,517 [INFO]   pets            processed=3309  created=0     skipped=3309 
2025-09-26 22:26:12,517 [INFO]   immunizations   processed=8232  created=8232  skipped=0    
2025-09-26 22:26:12,517 [INFO]   reservations    processed=54020 created=0     skipped=54020
2025-09-26 22:26:12,517 [INFO]   invoices        processed=85371 created=85371 skipped=0    
2025-09-26 22:26:12,517 [INFO]   payments        processed=40586 created=40586 skipped=0    
2025-09-26 22:26:12,517 [INFO]   packages        processed=1079  created=1079  skipped=0    
2025-09-26 22:26:12,517 [INFO] Import completed (mode=dry-run)
2025-09-26 22:26:24,907 [INFO] Connecting to Gingr MySQL at gingr_mysql:3306/gingr
2025-09-26 22:26:26,882 [INFO] Owners: processed=2301 created=0 skipped=2301
2025-09-26 22:26:27,669 [INFO] Pets: processed=3309 created=0 skipped=3309
2025-09-26 22:26:42,671 [INFO] Immunizations: processed=8232 created=106 skipped=8126
2025-09-26 22:26:55,730 [INFO] Reservations: processed=54020 created=0 skipped=54020
2025-09-26 22:27:32,352 [INFO] Invoices: processed=85371 created=36 skipped=85335
2025-09-26 22:27:44,793 [INFO] Payments: processed=40586 created=19 skipped=40567
2025-09-26 22:27:45,102 [INFO] Package credits: processed=1079 created=0 skipped=1079
2025-09-26 22:27:45,132 [INFO] Import summary:
2025-09-26 22:27:45,132 [INFO]   owners          processed=2301  created=0     skipped=2301 
2025-09-26 22:27:45,132 [INFO]   pets            processed=3309  created=0     skipped=3309 
2025-09-26 22:27:45,132 [INFO]   immunizations   processed=8232  created=106   skipped=8126 
2025-09-26 22:27:45,132 [INFO]   reservations    processed=54020 created=0     skipped=54020
2025-09-26 22:27:45,133 [INFO]   invoices        processed=85371 created=36    skipped=85335
2025-09-26 22:27:45,133 [INFO]   payments        processed=40586 created=19    skipped=40567
2025-09-26 22:27:45,133 [INFO]   packages        processed=1079  created=0     skipped=1079 
2025-09-26 22:27:45,133 [INFO] Import completed (mode=run)
